<?xml version="1.0" encoding="UTF-8"?>
<!-- Generated by org.testng.reporters.JUnitXMLReporter -->
<testsuite ignored="1" hostname="User" failures="0" tests="1" name="End to End Test" time="19.931" errors="0" timestamp="2023-06-10T19:56:50 EDT">
  <testcase classname="testPkg.SearchFunctionalityTest" name="positiveSearchFunctionalityTestHittingEnterKey" time="9.683"/>
  <testcase classname="testPkg.SearchFunctionalityTest" name="positiveSearchFunctionalityTestWithSearchBtn" time="0.0">
    <ignored/>
  </testcase> <!-- positiveSearchFunctionalityTestWithSearchBtn -->
</testsuite> <!-- End to End Test -->
