<?xml version="1.0" encoding="UTF-8"?>
<!-- Generated by org.testng.reporters.JUnitXMLReporter -->
<testsuite ignored="3" hostname="User" failures="0" tests="1" name="Regression Test" time="51.672" errors="0" timestamp="2023-06-10T21:01:22 EDT">
  <testcase classname="testPkg.HomePageMenuLinkFunctionalityTest" name="quickMenuLinkTestThroughParameterziedXML" time="15.067"/>
  <testcase classname="testPkg.HomePageMenuLinkFunctionalityTest" name="quickMenuLinkTest" time="0.0">
    <ignored/>
  </testcase> <!-- quickMenuLinkTest -->
  <testcase classname="testPkg.SearchFunctionalityTest" name="positiveSearchFunctionalityTestWithSearchBtn" time="0.0">
    <ignored/>
  </testcase> <!-- positiveSearchFunctionalityTestWithSearchBtn -->
  <testcase classname="testPkg.SearchFunctionalityTest" name="positiveSearchFunctionalityTestHittingEnterKey" time="0.0">
    <ignored/>
  </testcase> <!-- positiveSearchFunctionalityTestHittingEnterKey -->
</testsuite> <!-- Regression Test -->
