<?xml version="1.0" encoding="UTF-8"?>
<!-- Generated by org.testng.reporters.JUnitXMLReporter -->
<testsuite ignored="0" hostname="User" failures="0" tests="3" name="Default test" time="58.66" errors="0" timestamp="2023-06-10T19:52:23 EDT">
  <testcase classname="testPkg.HomePageMenuLinkFunctionalityTest" name="quickMenuLinkTest" time="11.725"/>
  <testcase classname="testPkg.HomePageMenuLinkFunctionalityTest" name="quickMenuLinkTest" time="4.457"/>
  <testcase classname="testPkg.HomePageMenuLinkFunctionalityTest" name="quickMenuLinkTest" time="4.346"/>
</testsuite> <!-- Default test -->
