<?xml version="1.0" encoding="UTF-8"?>
<testng-results ignored="0" total="2" passed="2" failed="0" skipped="0">
  <reporter-output>
  </reporter-output>
  <suite started-at="2023-06-03T21:20:50 EDT" name="First Suite" finished-at="2023-06-03T21:21:57 EDT" duration-ms="67187">
    <groups>
    </groups>
    <test started-at="2023-06-03T21:20:50 EDT" name="Regression Test" finished-at="2023-06-03T21:21:32 EDT" duration-ms="42796">
      <class name="testPkg.SearchFunctionalityTest">
        <test-method is-config="true" signature="load()[pri:0, instance:testPkg.SearchFunctionalityTest@67f639d3]" started-at="2023-06-03T21:20:50 EDT" name="load" finished-at="2023-06-03T21:21:13 EDT" duration-ms="23293" status="PASS">
          <reporter-output>
          </reporter-output>
        </test-method> <!-- load -->
        <test-method signature="positiveSearchFunctionalityTestWithSearchBtn(java.lang.String)[pri:0, instance:testPkg.SearchFunctionalityTest@67f639d3]" started-at="2023-06-03T21:21:13 EDT" name="positiveSearchFunctionalityTestWithSearchBtn" data-provider="positiveSearchData" finished-at="2023-06-03T21:21:30 EDT" duration-ms="16790" status="PASS">
          <params>
            <param index="0">
              <value>
                <![CDATA[samsung]]>
              </value>
            </param>
          </params>
          <reporter-output>
          </reporter-output>
        </test-method> <!-- positiveSearchFunctionalityTestWithSearchBtn -->
        <test-method is-config="true" signature="close()[pri:0, instance:testPkg.SearchFunctionalityTest@67f639d3]" started-at="2023-06-03T21:21:30 EDT" name="close" finished-at="2023-06-03T21:21:32 EDT" duration-ms="2457" status="PASS">
          <reporter-output>
          </reporter-output>
        </test-method> <!-- close -->
      </class> <!-- testPkg.SearchFunctionalityTest -->
    </test> <!-- Regression Test -->
    <test started-at="2023-06-03T21:21:33 EDT" name="End to End Test" finished-at="2023-06-03T21:21:57 EDT" duration-ms="24247">
      <class name="testPkg.SearchFunctionalityTest">
        <test-method is-config="true" signature="load()[pri:0, instance:testPkg.SearchFunctionalityTest@11392934]" started-at="2023-06-03T21:21:33 EDT" name="load" finished-at="2023-06-03T21:21:44 EDT" duration-ms="11412" status="PASS">
          <reporter-output>
          </reporter-output>
        </test-method> <!-- load -->
        <test-method signature="positiveSearchFunctionalityTestWithSearchBtn(java.lang.String)[pri:0, instance:testPkg.SearchFunctionalityTest@11392934]" started-at="2023-06-03T21:21:44 EDT" name="positiveSearchFunctionalityTestWithSearchBtn" data-provider="positiveSearchData" finished-at="2023-06-03T21:21:56 EDT" duration-ms="11835" status="PASS">
          <params>
            <param index="0">
              <value>
                <![CDATA[samsung]]>
              </value>
            </param>
          </params>
          <reporter-output>
          </reporter-output>
        </test-method> <!-- positiveSearchFunctionalityTestWithSearchBtn -->
        <test-method is-config="true" signature="close()[pri:0, instance:testPkg.SearchFunctionalityTest@11392934]" started-at="2023-06-03T21:21:56 EDT" name="close" finished-at="2023-06-03T21:21:57 EDT" duration-ms="987" status="PASS">
          <reporter-output>
          </reporter-output>
        </test-method> <!-- close -->
      </class> <!-- testPkg.SearchFunctionalityTest -->
    </test> <!-- End to End Test -->
  </suite> <!-- First Suite -->
</testng-results>
